2020-04-24T05:07:59+00:00 CRITICAL Maximum execution time of 30 seconds exceeded in C:\xampp\htdocs\wordpress\wp-content\themes\astra\inc\core\class-gutenberg-editor-css.php on line 14

2020-04-24T05:09:34+00:00 CRITICAL Maximum execution time of 30 seconds exceeded in C:\xampp\htdocs\wordpress\wp-content\plugins\salon-booking-system\src\SLN\Enum\SmsProvider.php on line 3

2020-04-24T05:10:15+00:00 CRITICAL Maximum execution time of 30 seconds exceeded in C:\xampp\htdocs\wordpress\wp-includes\functions.php on line 5974

2020-04-24T05:12:24+00:00 CRITICAL Maximum execution time of 30 seconds exceeded in C:\xampp\htdocs\wordpress\wp-content\themes\astra\inc\addons\transparent-header\classes\class-astra-ext-transparent-header-markup.php on line 8

2020-04-24T05:14:14+00:00 CRITICAL Maximum execution time of 30 seconds exceeded in C:\xampp\htdocs\wordpress\wp-content\plugins\woocommerce\includes\emails\class-wc-email-cancelled-order.php on line 8

2020-04-24T05:22:27+00:00 CRITICAL Uncaught Error: Using $this when not in object context in C:\xampp\htdocs\wordpress\wp-content\themes\astra\functions.php:257
Stack trace:
#0 C:\xampp\htdocs\wordpress\wp-includes\rest-api\class-wp-rest-server.php(1015): booking(Object(WP_REST_Request))
#1 C:\xampp\htdocs\wordpress\wp-includes\rest-api\class-wp-rest-server.php(342): WP_REST_Server->dispatch(Object(WP_REST_Request))
#2 C:\xampp\htdocs\wordpress\wp-includes\rest-api.php(306): WP_REST_Server->serve_request('/custom-plugin/...')
#3 C:\xampp\htdocs\wordpress\wp-includes\class-wp-hook.php(287): rest_api_loaded(Object(WP))
#4 C:\xampp\htdocs\wordpress\wp-includes\class-wp-hook.php(311): WP_Hook->apply_filters(NULL, Array)
#5 C:\xampp\htdocs\wordpress\wp-includes\plugin.php(544): WP_Hook->do_action(Array)
#6 C:\xampp\htdocs\wordpress\wp-includes\class-wp.php(388): do_action_ref_array('parse_request', Array)
#7 C:\xampp\htdocs\wordpress\wp-includes\class-wp.php(735): WP->parse_request('')
#8 C:\xampp\htdocs\wordpress\wp-includes\functions.php(1274): W in C:\xampp\htdocs\wordpress\wp-content\themes\astra\functions.php on line 257

2020-04-24T05:23:09+00:00 CRITICAL Uncaught Error: Using $this when not in object context in C:\xampp\htdocs\wordpress\wp-content\themes\astra\functions.php:257
Stack trace:
#0 C:\xampp\htdocs\wordpress\wp-includes\rest-api\class-wp-rest-server.php(1015): booking(Object(WP_REST_Request))
#1 C:\xampp\htdocs\wordpress\wp-includes\rest-api\class-wp-rest-server.php(342): WP_REST_Server->dispatch(Object(WP_REST_Request))
#2 C:\xampp\htdocs\wordpress\wp-includes\rest-api.php(306): WP_REST_Server->serve_request('/custom-plugin/...')
#3 C:\xampp\htdocs\wordpress\wp-includes\class-wp-hook.php(287): rest_api_loaded(Object(WP))
#4 C:\xampp\htdocs\wordpress\wp-includes\class-wp-hook.php(311): WP_Hook->apply_filters(NULL, Array)
#5 C:\xampp\htdocs\wordpress\wp-includes\plugin.php(544): WP_Hook->do_action(Array)
#6 C:\xampp\htdocs\wordpress\wp-includes\class-wp.php(388): do_action_ref_array('parse_request', Array)
#7 C:\xampp\htdocs\wordpress\wp-includes\class-wp.php(735): WP->parse_request('')
#8 C:\xampp\htdocs\wordpress\wp-includes\functions.php(1274): W in C:\xampp\htdocs\wordpress\wp-content\themes\astra\functions.php on line 257

2020-04-24T05:34:10+00:00 CRITICAL syntax error, unexpected '=>' (T_DOUBLE_ARROW), expecting ')' in C:\xampp\htdocs\wordpress\wp-content\themes\astra\functions.php on line 259

2020-04-24T05:36:40+00:00 CRITICAL syntax error, unexpected '=>' (T_DOUBLE_ARROW), expecting ')' in C:\xampp\htdocs\wordpress\wp-content\themes\astra\functions.php on line 259

2020-04-24T05:36:47+00:00 CRITICAL syntax error, unexpected '=>' (T_DOUBLE_ARROW), expecting ')' in C:\xampp\htdocs\wordpress\wp-content\themes\astra\functions.php on line 259

2020-04-24T05:37:41+00:00 CRITICAL syntax error, unexpected '=>' (T_DOUBLE_ARROW), expecting ')' in C:\xampp\htdocs\wordpress\wp-content\themes\astra\functions.php on line 259

2020-04-24T05:37:48+00:00 CRITICAL syntax error, unexpected '=>' (T_DOUBLE_ARROW), expecting ')' in C:\xampp\htdocs\wordpress\wp-content\themes\astra\functions.php on line 259

2020-04-24T05:52:14+00:00 CRITICAL Uncaught Error: Using $this when not in object context in C:\xampp\htdocs\wordpress\wp-content\themes\astra\functions.php:257
Stack trace:
#0 C:\xampp\htdocs\wordpress\wp-includes\rest-api\class-wp-rest-server.php(1015): booking(Object(WP_REST_Request))
#1 C:\xampp\htdocs\wordpress\wp-includes\rest-api\class-wp-rest-server.php(342): WP_REST_Server->dispatch(Object(WP_REST_Request))
#2 C:\xampp\htdocs\wordpress\wp-includes\rest-api.php(306): WP_REST_Server->serve_request('/custom-plugin/...')
#3 C:\xampp\htdocs\wordpress\wp-includes\class-wp-hook.php(287): rest_api_loaded(Object(WP))
#4 C:\xampp\htdocs\wordpress\wp-includes\class-wp-hook.php(311): WP_Hook->apply_filters(NULL, Array)
#5 C:\xampp\htdocs\wordpress\wp-includes\plugin.php(544): WP_Hook->do_action(Array)
#6 C:\xampp\htdocs\wordpress\wp-includes\class-wp.php(388): do_action_ref_array('parse_request', Array)
#7 C:\xampp\htdocs\wordpress\wp-includes\class-wp.php(735): WP->parse_request('')
#8 C:\xampp\htdocs\wordpress\wp-includes\functions.php(1274): W in C:\xampp\htdocs\wordpress\wp-content\themes\astra\functions.php on line 257

2020-04-24T05:54:31+00:00 CRITICAL syntax error, unexpected ',', expecting :: (T_PAAMAYIM_NEKUDOTAYIM) in C:\xampp\htdocs\wordpress\wp-content\themes\astra\functions.php on line 257

2020-04-24T07:11:30+00:00 CRITICAL syntax error, unexpected ';' in C:\xampp\htdocs\wordpress\wp-content\themes\astra\functions.php on line 258

2020-04-24T07:19:00+00:00 CRITICAL syntax error, unexpected ';' in C:\xampp\htdocs\wordpress\wp-content\themes\astra\functions.php on line 257

2020-04-24T07:19:17+00:00 CRITICAL syntax error, unexpected ';' in C:\xampp\htdocs\wordpress\wp-content\themes\astra\functions.php on line 258

2020-04-24T07:20:11+00:00 CRITICAL Maximum execution time of 30 seconds exceeded in C:\xampp\htdocs\wordpress\wp-includes\Requests\Transport\cURL.php on line 441

2020-04-24T07:35:05+00:00 CRITICAL syntax error, unexpected ';' in C:\xampp\htdocs\wordpress\wp-content\themes\astra\functions.php on line 254

2020-04-24T07:40:24+00:00 CRITICAL syntax error, unexpected '.' in C:\xampp\htdocs\wordpress\wp-content\themes\astra\functions.php on line 251

2020-04-24T09:14:51+00:00 CRITICAL Maximum execution time of 30 seconds exceeded in C:\xampp\htdocs\wordpress\wp-content\plugins\woocommerce\packages\action-scheduler\classes\schema\ActionScheduler_LoggerSchema.php on line 10

2020-04-24T09:18:33+00:00 CRITICAL syntax error, unexpected '=>' (T_DOUBLE_ARROW) in C:\xampp\htdocs\wordpress\wp-content\themes\astra\functions.php on line 253

2020-04-24T09:18:52+00:00 CRITICAL syntax error, unexpected '=>' (T_DOUBLE_ARROW) in C:\xampp\htdocs\wordpress\wp-content\themes\astra\functions.php on line 253

2020-04-24T09:20:03+00:00 CRITICAL Uncaught Error: Call to undefined function tostring() in C:\xampp\htdocs\wordpress\wp-content\themes\astra\functions.php:258
Stack trace:
#0 C:\xampp\htdocs\wordpress\wp-includes\rest-api\class-wp-rest-server.php(1015): booking(Object(WP_REST_Request))
#1 C:\xampp\htdocs\wordpress\wp-includes\rest-api\class-wp-rest-server.php(342): WP_REST_Server->dispatch(Object(WP_REST_Request))
#2 C:\xampp\htdocs\wordpress\wp-includes\rest-api.php(306): WP_REST_Server->serve_request('/custom-plugin/...')
#3 C:\xampp\htdocs\wordpress\wp-includes\class-wp-hook.php(287): rest_api_loaded(Object(WP))
#4 C:\xampp\htdocs\wordpress\wp-includes\class-wp-hook.php(311): WP_Hook->apply_filters(NULL, Array)
#5 C:\xampp\htdocs\wordpress\wp-includes\plugin.php(544): WP_Hook->do_action(Array)
#6 C:\xampp\htdocs\wordpress\wp-includes\class-wp.php(388): do_action_ref_array('parse_request', Array)
#7 C:\xampp\htdocs\wordpress\wp-includes\class-wp.php(735): WP->parse_request('')
#8 C:\xampp\htdocs\wordpress\wp-includes\functions.php(1274): WP in C:\xampp\htdocs\wordpress\wp-content\themes\astra\functions.php on line 258

2020-04-24T09:21:57+00:00 CRITICAL syntax error, unexpected 'if' (T_IF) in C:\xampp\htdocs\wordpress\wp-content\themes\astra\functions.php on line 254

2020-04-24T09:22:08+00:00 CRITICAL syntax error, unexpected 'if' (T_IF) in C:\xampp\htdocs\wordpress\wp-content\themes\astra\functions.php on line 254

2020-04-24T09:22:11+00:00 CRITICAL syntax error, unexpected 'if' (T_IF) in C:\xampp\htdocs\wordpress\wp-content\themes\astra\functions.php on line 254

2020-04-24T09:34:19+00:00 CRITICAL Uncaught Error: Using $this when not in object context in C:\xampp\htdocs\wordpress\wp-content\themes\astra\functions.php:251
Stack trace:
#0 C:\xampp\htdocs\wordpress\wp-includes\rest-api\class-wp-rest-server.php(1015): booking(Object(WP_REST_Request))
#1 C:\xampp\htdocs\wordpress\wp-includes\rest-api\class-wp-rest-server.php(342): WP_REST_Server->dispatch(Object(WP_REST_Request))
#2 C:\xampp\htdocs\wordpress\wp-includes\rest-api.php(306): WP_REST_Server->serve_request('/custom-plugin/...')
#3 C:\xampp\htdocs\wordpress\wp-includes\class-wp-hook.php(287): rest_api_loaded(Object(WP))
#4 C:\xampp\htdocs\wordpress\wp-includes\class-wp-hook.php(311): WP_Hook->apply_filters(NULL, Array)
#5 C:\xampp\htdocs\wordpress\wp-includes\plugin.php(544): WP_Hook->do_action(Array)
#6 C:\xampp\htdocs\wordpress\wp-includes\class-wp.php(388): do_action_ref_array('parse_request', Array)
#7 C:\xampp\htdocs\wordpress\wp-includes\class-wp.php(735): WP->parse_request('')
#8 C:\xampp\htdocs\wordpress\wp-includes\functions.php(1274): W in C:\xampp\htdocs\wordpress\wp-content\themes\astra\functions.php on line 251

2020-04-24T09:34:42+00:00 CRITICAL syntax error, unexpected '->' (T_OBJECT_OPERATOR) in C:\xampp\htdocs\wordpress\wp-content\themes\astra\functions.php on line 251

2020-04-24T09:35:05+00:00 CRITICAL Uncaught Error: Call to a member function statusCode() on null in C:\xampp\htdocs\wordpress\wp-content\themes\astra\functions.php:251
Stack trace:
#0 C:\xampp\htdocs\wordpress\wp-includes\rest-api\class-wp-rest-server.php(1015): booking(Object(WP_REST_Request))
#1 C:\xampp\htdocs\wordpress\wp-includes\rest-api\class-wp-rest-server.php(342): WP_REST_Server->dispatch(Object(WP_REST_Request))
#2 C:\xampp\htdocs\wordpress\wp-includes\rest-api.php(306): WP_REST_Server->serve_request('/custom-plugin/...')
#3 C:\xampp\htdocs\wordpress\wp-includes\class-wp-hook.php(287): rest_api_loaded(Object(WP))
#4 C:\xampp\htdocs\wordpress\wp-includes\class-wp-hook.php(311): WP_Hook->apply_filters(NULL, Array)
#5 C:\xampp\htdocs\wordpress\wp-includes\plugin.php(544): WP_Hook->do_action(Array)
#6 C:\xampp\htdocs\wordpress\wp-includes\class-wp.php(388): do_action_ref_array('parse_request', Array)
#7 C:\xampp\htdocs\wordpress\wp-includes\class-wp.php(735): WP->parse_request('')
#8 C:\xampp\htdocs\wordpress\wp-includes\functions.php( in C:\xampp\htdocs\wordpress\wp-content\themes\astra\functions.php on line 251

2020-04-24T09:46:43+00:00 CRITICAL syntax error, unexpected end of file in C:\xampp\htdocs\wordpress\wp-content\themes\astra\functions.php on line 295

2020-04-24T09:47:18+00:00 CRITICAL Uncaught Error: Call to undefined method stdClass::create() in C:\xampp\htdocs\wordpress\wp-content\themes\astra\functions.php:260
Stack trace:
#0 C:\xampp\htdocs\wordpress\wp-includes\rest-api\class-wp-rest-server.php(1015): booking(Object(WP_REST_Request))
#1 C:\xampp\htdocs\wordpress\wp-includes\rest-api\class-wp-rest-server.php(342): WP_REST_Server->dispatch(Object(WP_REST_Request))
#2 C:\xampp\htdocs\wordpress\wp-includes\rest-api.php(306): WP_REST_Server->serve_request('/custom-plugin/...')
#3 C:\xampp\htdocs\wordpress\wp-includes\class-wp-hook.php(287): rest_api_loaded(Object(WP))
#4 C:\xampp\htdocs\wordpress\wp-includes\class-wp-hook.php(311): WP_Hook->apply_filters(NULL, Array)
#5 C:\xampp\htdocs\wordpress\wp-includes\plugin.php(544): WP_Hook->do_action(Array)
#6 C:\xampp\htdocs\wordpress\wp-includes\class-wp.php(388): do_action_ref_array('parse_request', Array)
#7 C:\xampp\htdocs\wordpress\wp-includes\class-wp.php(735): WP->parse_request('')
#8 C:\xampp\htdocs\wordpress\wp-includes\functions.php(127 in C:\xampp\htdocs\wordpress\wp-content\themes\astra\functions.php on line 260

2020-04-24T09:50:21+00:00 CRITICAL Uncaught Error: Call to undefined method stdClass::create() in C:\xampp\htdocs\wordpress\wp-content\themes\astra\functions.php:262
Stack trace:
#0 C:\xampp\htdocs\wordpress\wp-includes\rest-api\class-wp-rest-server.php(1015): booking(Object(WP_REST_Request))
#1 C:\xampp\htdocs\wordpress\wp-includes\rest-api\class-wp-rest-server.php(342): WP_REST_Server->dispatch(Object(WP_REST_Request))
#2 C:\xampp\htdocs\wordpress\wp-includes\rest-api.php(306): WP_REST_Server->serve_request('/custom-plugin/...')
#3 C:\xampp\htdocs\wordpress\wp-includes\class-wp-hook.php(287): rest_api_loaded(Object(WP))
#4 C:\xampp\htdocs\wordpress\wp-includes\class-wp-hook.php(311): WP_Hook->apply_filters(NULL, Array)
#5 C:\xampp\htdocs\wordpress\wp-includes\plugin.php(544): WP_Hook->do_action(Array)
#6 C:\xampp\htdocs\wordpress\wp-includes\class-wp.php(388): do_action_ref_array('parse_request', Array)
#7 C:\xampp\htdocs\wordpress\wp-includes\class-wp.php(735): WP->parse_request('')
#8 C:\xampp\htdocs\wordpress\wp-includes\functions.php(127 in C:\xampp\htdocs\wordpress\wp-content\themes\astra\functions.php on line 262

2020-04-24T10:11:27+00:00 CRITICAL Maximum execution time of 30 seconds exceeded in C:\xampp\htdocs\wordpress\wp-includes\widgets\class-wp-widget-archives.php on line 17

2020-04-24T10:23:30+00:00 CRITICAL Maximum execution time of 30 seconds exceeded in C:\xampp\htdocs\wordpress\wp-content\themes\astra\inc\blog\blog-config.php on line 9

2020-04-24T10:23:43+00:00 CRITICAL Maximum execution time of 30 seconds exceeded in C:\xampp\htdocs\wordpress\wp-content\plugins\elementor\core\schemes\color-picker.php on line 4

2020-04-24T10:24:12+00:00 CRITICAL Maximum execution time of 30 seconds exceeded in C:\xampp\htdocs\wordpress\wp-content\plugins\salon-booking-system\src\SLN\Third\google-api-php-client\src\Google\Model.php on line 24

2020-04-24T10:24:56+00:00 CRITICAL Maximum execution time of 30 seconds exceeded in C:\xampp\htdocs\wordpress\wp-content\plugins\woocommerce\includes\class-wc-customer.php on line 11

2020-04-24T10:32:03+00:00 CRITICAL Uncaught Error: Call to undefined function http_status_code() in C:\xampp\htdocs\wordpress\wp-content\themes\astra\functions.php:245
Stack trace:
#0 C:\xampp\htdocs\wordpress\wp-includes\rest-api\class-wp-rest-server.php(1015): booking(Object(WP_REST_Request))
#1 C:\xampp\htdocs\wordpress\wp-includes\rest-api\class-wp-rest-server.php(342): WP_REST_Server->dispatch(Object(WP_REST_Request))
#2 C:\xampp\htdocs\wordpress\wp-includes\rest-api.php(306): WP_REST_Server->serve_request('/custom-plugin/...')
#3 C:\xampp\htdocs\wordpress\wp-includes\class-wp-hook.php(287): rest_api_loaded(Object(WP))
#4 C:\xampp\htdocs\wordpress\wp-includes\class-wp-hook.php(311): WP_Hook->apply_filters(NULL, Array)
#5 C:\xampp\htdocs\wordpress\wp-includes\plugin.php(544): WP_Hook->do_action(Array)
#6 C:\xampp\htdocs\wordpress\wp-includes\class-wp.php(388): do_action_ref_array('parse_request', Array)
#7 C:\xampp\htdocs\wordpress\wp-includes\class-wp.php(735): WP->parse_request('')
#8 C:\xampp\htdocs\wordpress\wp-includes\functions.php(1 in C:\xampp\htdocs\wordpress\wp-content\themes\astra\functions.php on line 245

2020-04-24T10:32:09+00:00 CRITICAL Uncaught Error: Call to undefined function http_status_code() in C:\xampp\htdocs\wordpress\wp-content\themes\astra\functions.php:245
Stack trace:
#0 C:\xampp\htdocs\wordpress\wp-includes\rest-api\class-wp-rest-server.php(1015): booking(Object(WP_REST_Request))
#1 C:\xampp\htdocs\wordpress\wp-includes\rest-api\class-wp-rest-server.php(342): WP_REST_Server->dispatch(Object(WP_REST_Request))
#2 C:\xampp\htdocs\wordpress\wp-includes\rest-api.php(306): WP_REST_Server->serve_request('/custom-plugin/...')
#3 C:\xampp\htdocs\wordpress\wp-includes\class-wp-hook.php(287): rest_api_loaded(Object(WP))
#4 C:\xampp\htdocs\wordpress\wp-includes\class-wp-hook.php(311): WP_Hook->apply_filters(NULL, Array)
#5 C:\xampp\htdocs\wordpress\wp-includes\plugin.php(544): WP_Hook->do_action(Array)
#6 C:\xampp\htdocs\wordpress\wp-includes\class-wp.php(388): do_action_ref_array('parse_request', Array)
#7 C:\xampp\htdocs\wordpress\wp-includes\class-wp.php(735): WP->parse_request('')
#8 C:\xampp\htdocs\wordpress\wp-includes\functions.php(1 in C:\xampp\htdocs\wordpress\wp-content\themes\astra\functions.php on line 245

2020-04-24T10:41:03+00:00 CRITICAL syntax error, unexpected '400' (T_LNUMBER), expecting ')' in C:\xampp\htdocs\wordpress\wp-content\themes\astra\functions.php on line 245

2020-04-24T11:42:53+00:00 CRITICAL Maximum execution time of 30 seconds exceeded in C:\xampp\htdocs\wordpress\wp-content\themes\astra\inc\core\sidebar-manager.php on line 12

2020-04-24T11:43:29+00:00 CRITICAL Maximum execution time of 30 seconds exceeded in C:\xampp\htdocs\wordpress\wp-content\plugins\woocommerce\includes\admin\settings\class-wc-settings-page.php on line 11

2020-04-24T11:48:25+00:00 CRITICAL Maximum execution time of 30 seconds exceeded in C:\xampp\htdocs\wordpress\wp-includes\widgets\class-wp-widget-meta.php on line 19

2020-04-24T11:48:33+00:00 CRITICAL Maximum execution time of 30 seconds exceeded in C:\xampp\htdocs\wordpress\wp-content\plugins\woocommerce\packages\woocommerce-admin\src\ReportsSync.php on line 10

2020-04-24T11:49:10+00:00 CRITICAL Maximum execution time of 30 seconds exceeded in C:\xampp\htdocs\wordpress\wp-content\plugins\elementor\core\base\app.php on line 7

