2020-04-22T05:37:55+00:00 CRITICAL syntax error, unexpected '=' in C:\xampp\htdocs\wordpress\wp-content\themes\astra\functions.php on line 285

2020-04-22T05:37:55+00:00 CRITICAL syntax error, unexpected '=' in C:\xampp\htdocs\wordpress\wp-content\themes\astra\functions.php on line 285

2020-04-22T05:38:04+00:00 CRITICAL syntax error, unexpected '=' in C:\xampp\htdocs\wordpress\wp-content\themes\astra\functions.php on line 285

2020-04-22T05:38:25+00:00 CRITICAL syntax error, unexpected '=' in C:\xampp\htdocs\wordpress\wp-content\themes\astra\functions.php on line 285

2020-04-22T05:41:05+00:00 CRITICAL syntax error, unexpected '=' in C:\xampp\htdocs\wordpress\wp-content\themes\astra\functions.php on line 285

2020-04-22T05:41:42+00:00 CRITICAL syntax error, unexpected '=' in C:\xampp\htdocs\wordpress\wp-content\themes\astra\functions.php on line 285

2020-04-22T05:41:47+00:00 CRITICAL syntax error, unexpected '=' in C:\xampp\htdocs\wordpress\wp-content\themes\astra\functions.php on line 285

2020-04-22T05:43:04+00:00 CRITICAL syntax error, unexpected '=' in C:\xampp\htdocs\wordpress\wp-content\themes\astra\functions.php on line 285

2020-04-22T05:43:35+00:00 CRITICAL syntax error, unexpected '=' in C:\xampp\htdocs\wordpress\wp-content\themes\astra\functions.php on line 285

2020-04-22T05:44:35+00:00 CRITICAL syntax error, unexpected '=' in C:\xampp\htdocs\wordpress\wp-content\themes\astra\functions.php on line 285

2020-04-22T05:48:30+00:00 CRITICAL syntax error, unexpected '=' in C:\xampp\htdocs\wordpress\wp-content\themes\astra\functions.php on line 285

2020-04-22T05:48:42+00:00 CRITICAL syntax error, unexpected '=' in C:\xampp\htdocs\wordpress\wp-content\themes\astra\functions.php on line 285

2020-04-22T05:48:50+00:00 CRITICAL syntax error, unexpected '=' in C:\xampp\htdocs\wordpress\wp-content\themes\astra\functions.php on line 285

2020-04-22T05:49:04+00:00 CRITICAL syntax error, unexpected '=' in C:\xampp\htdocs\wordpress\wp-content\themes\astra\functions.php on line 285

2020-04-22T05:49:11+00:00 CRITICAL syntax error, unexpected '=' in C:\xampp\htdocs\wordpress\wp-content\themes\astra\functions.php on line 285

2020-04-22T05:49:46+00:00 CRITICAL syntax error, unexpected '=' in C:\xampp\htdocs\wordpress\wp-content\themes\astra\functions.php on line 285

2020-04-22T05:50:16+00:00 CRITICAL syntax error, unexpected '=' in C:\xampp\htdocs\wordpress\wp-content\themes\astra\functions.php on line 285

2020-04-22T05:51:35+00:00 CRITICAL syntax error, unexpected '=' in C:\xampp\htdocs\wordpress\wp-content\themes\astra\functions.php on line 285

2020-04-22T05:51:43+00:00 CRITICAL syntax error, unexpected '=' in C:\xampp\htdocs\wordpress\wp-content\themes\astra\functions.php on line 285

2020-04-22T05:53:14+00:00 CRITICAL syntax error, unexpected '=' in C:\xampp\htdocs\wordpress\wp-content\themes\astra\functions.php on line 285

2020-04-22T05:54:53+00:00 CRITICAL syntax error, unexpected '=' in C:\xampp\htdocs\wordpress\wp-content\themes\astra\functions.php on line 285

2020-04-22T05:56:49+00:00 CRITICAL syntax error, unexpected '=' in C:\xampp\htdocs\wordpress\wp-content\themes\astra\functions.php on line 285

2020-04-22T06:03:28+00:00 CRITICAL syntax error, unexpected '=' in C:\xampp\htdocs\wordpress\wp-content\themes\astra\functions.php on line 285

2020-04-22T06:05:13+00:00 CRITICAL syntax error, unexpected '=' in C:\xampp\htdocs\wordpress\wp-content\themes\astra\functions.php on line 285

2020-04-22T06:05:39+00:00 CRITICAL syntax error, unexpected '=' in C:\xampp\htdocs\wordpress\wp-content\themes\astra\functions.php on line 285

2020-04-22T06:08:17+00:00 CRITICAL syntax error, unexpected '=' in C:\xampp\htdocs\wordpress\wp-content\themes\astra\functions.php on line 285

2020-04-22T06:18:47+00:00 CRITICAL syntax error, unexpected '=' in C:\xampp\htdocs\wordpress\wp-content\themes\astra\functions.php on line 285

2020-04-22T06:20:07+00:00 CRITICAL syntax error, unexpected '=' in C:\xampp\htdocs\wordpress\wp-content\themes\astra\functions.php on line 285

2020-04-22T06:22:08+00:00 CRITICAL syntax error, unexpected '=' in C:\xampp\htdocs\wordpress\wp-content\themes\astra\functions.php on line 285

2020-04-22T06:24:53+00:00 CRITICAL syntax error, unexpected '=' in C:\xampp\htdocs\wordpress\wp-content\themes\astra\functions.php on line 285

2020-04-22T06:25:16+00:00 CRITICAL syntax error, unexpected '=' in C:\xampp\htdocs\wordpress\wp-content\themes\astra\functions.php on line 285

2020-04-22T06:26:23+00:00 CRITICAL syntax error, unexpected '=' in C:\xampp\htdocs\wordpress\wp-content\themes\astra\functions.php on line 285

2020-04-22T06:26:40+00:00 CRITICAL syntax error, unexpected '=' in C:\xampp\htdocs\wordpress\wp-content\themes\astra\functions.php on line 285

2020-04-22T06:26:41+00:00 CRITICAL syntax error, unexpected '=' in C:\xampp\htdocs\wordpress\wp-content\themes\astra\functions.php on line 285

2020-04-22T06:26:41+00:00 CRITICAL syntax error, unexpected '=' in C:\xampp\htdocs\wordpress\wp-content\themes\astra\functions.php on line 285

2020-04-22T06:26:42+00:00 CRITICAL syntax error, unexpected '=' in C:\xampp\htdocs\wordpress\wp-content\themes\astra\functions.php on line 285

2020-04-22T06:26:43+00:00 CRITICAL syntax error, unexpected '=' in C:\xampp\htdocs\wordpress\wp-content\themes\astra\functions.php on line 285

2020-04-22T06:26:44+00:00 CRITICAL syntax error, unexpected '=' in C:\xampp\htdocs\wordpress\wp-content\themes\astra\functions.php on line 285

2020-04-22T06:26:44+00:00 CRITICAL syntax error, unexpected '=' in C:\xampp\htdocs\wordpress\wp-content\themes\astra\functions.php on line 285

2020-04-22T06:26:45+00:00 CRITICAL syntax error, unexpected '=' in C:\xampp\htdocs\wordpress\wp-content\themes\astra\functions.php on line 285

2020-04-22T06:26:45+00:00 CRITICAL syntax error, unexpected '=' in C:\xampp\htdocs\wordpress\wp-content\themes\astra\functions.php on line 285

2020-04-22T06:26:45+00:00 CRITICAL syntax error, unexpected '=' in C:\xampp\htdocs\wordpress\wp-content\themes\astra\functions.php on line 285

2020-04-22T06:26:45+00:00 CRITICAL syntax error, unexpected '=' in C:\xampp\htdocs\wordpress\wp-content\themes\astra\functions.php on line 285

2020-04-22T06:33:27+00:00 CRITICAL syntax error, unexpected '=' in C:\xampp\htdocs\wordpress\wp-content\themes\astra\functions.php on line 285

2020-04-22T06:37:50+00:00 CRITICAL syntax error, unexpected '=' in C:\xampp\htdocs\wordpress\wp-content\themes\astra\functions.php on line 285

2020-04-22T07:09:25+00:00 CRITICAL syntax error, unexpected '=' in C:\xampp\htdocs\wordpress\wp-content\themes\astra\functions.php on line 285

2020-04-22T07:21:50+00:00 CRITICAL syntax error, unexpected '$ad' (T_VARIABLE) in C:\xampp\htdocs\wordpress\wp-content\themes\astra\functions.php on line 241

2020-04-22T07:24:03+00:00 CRITICAL syntax error, unexpected '$ad' (T_VARIABLE) in C:\xampp\htdocs\wordpress\wp-content\themes\astra\functions.php on line 241

2020-04-22T07:24:11+00:00 CRITICAL syntax error, unexpected '$ad' (T_VARIABLE) in C:\xampp\htdocs\wordpress\wp-content\themes\astra\functions.php on line 241

2020-04-22T07:24:25+00:00 CRITICAL syntax error, unexpected '$ad' (T_VARIABLE) in C:\xampp\htdocs\wordpress\wp-content\themes\astra\functions.php on line 241

2020-04-22T07:24:29+00:00 CRITICAL syntax error, unexpected '$ad' (T_VARIABLE) in C:\xampp\htdocs\wordpress\wp-content\themes\astra\functions.php on line 241

2020-04-22T07:24:48+00:00 CRITICAL syntax error, unexpected '$ad' (T_VARIABLE) in C:\xampp\htdocs\wordpress\wp-content\themes\astra\functions.php on line 241

2020-04-22T07:25:44+00:00 CRITICAL syntax error, unexpected '$ad' (T_VARIABLE) in C:\xampp\htdocs\wordpress\wp-content\themes\astra\functions.php on line 241

2020-04-22T07:26:48+00:00 CRITICAL syntax error, unexpected '$ad' (T_VARIABLE) in C:\xampp\htdocs\wordpress\wp-content\themes\astra\functions.php on line 241

2020-04-22T07:31:11+00:00 CRITICAL Maximum execution time of 30 seconds exceeded in C:\xampp\htdocs\wordpress\wp-content\plugins\woocommerce\includes\admin\settings\class-wc-settings-payment-gateways.php on line 10

2020-04-22T07:31:41+00:00 CRITICAL Maximum execution time of 30 seconds exceeded in C:\xampp\htdocs\wordpress\wp-includes\Requests\Transport\cURL.php on line 163

2020-04-22T12:34:16+00:00 CRITICAL syntax error, unexpected ''args'' (T_CONSTANT_ENCAPSED_STRING), expecting ')' in C:\xampp\htdocs\wordpress\wp-content\themes\astra\functions.php on line 228

2020-04-22T12:34:30+00:00 CRITICAL syntax error, unexpected ''args'' (T_CONSTANT_ENCAPSED_STRING), expecting ')' in C:\xampp\htdocs\wordpress\wp-content\themes\astra\functions.php on line 228

2020-04-22T12:34:49+00:00 CRITICAL syntax error, unexpected ''args'' (T_CONSTANT_ENCAPSED_STRING), expecting ')' in C:\xampp\htdocs\wordpress\wp-content\themes\astra\functions.php on line 228

2020-04-22T12:34:51+00:00 CRITICAL syntax error, unexpected ''args'' (T_CONSTANT_ENCAPSED_STRING), expecting ')' in C:\xampp\htdocs\wordpress\wp-content\themes\astra\functions.php on line 228

2020-04-22T12:34:52+00:00 CRITICAL syntax error, unexpected ''args'' (T_CONSTANT_ENCAPSED_STRING), expecting ')' in C:\xampp\htdocs\wordpress\wp-content\themes\astra\functions.php on line 228

2020-04-22T12:34:54+00:00 CRITICAL syntax error, unexpected ''args'' (T_CONSTANT_ENCAPSED_STRING), expecting ')' in C:\xampp\htdocs\wordpress\wp-content\themes\astra\functions.php on line 228

2020-04-22T12:34:56+00:00 CRITICAL syntax error, unexpected ''args'' (T_CONSTANT_ENCAPSED_STRING), expecting ')' in C:\xampp\htdocs\wordpress\wp-content\themes\astra\functions.php on line 228

2020-04-22T12:34:57+00:00 CRITICAL syntax error, unexpected ''args'' (T_CONSTANT_ENCAPSED_STRING), expecting ')' in C:\xampp\htdocs\wordpress\wp-content\themes\astra\functions.php on line 228

2020-04-22T12:35:00+00:00 CRITICAL syntax error, unexpected ''args'' (T_CONSTANT_ENCAPSED_STRING), expecting ')' in C:\xampp\htdocs\wordpress\wp-content\themes\astra\functions.php on line 228

2020-04-22T12:35:03+00:00 CRITICAL syntax error, unexpected ''args'' (T_CONSTANT_ENCAPSED_STRING), expecting ')' in C:\xampp\htdocs\wordpress\wp-content\themes\astra\functions.php on line 228

2020-04-22T12:35:05+00:00 CRITICAL syntax error, unexpected ''args'' (T_CONSTANT_ENCAPSED_STRING), expecting ')' in C:\xampp\htdocs\wordpress\wp-content\themes\astra\functions.php on line 228

2020-04-22T12:35:27+00:00 CRITICAL syntax error, unexpected ''args'' (T_CONSTANT_ENCAPSED_STRING), expecting ')' in C:\xampp\htdocs\wordpress\wp-content\themes\astra\functions.php on line 228

2020-04-22T12:37:00+00:00 CRITICAL syntax error, unexpected ';', expecting ')' in C:\xampp\htdocs\wordpress\wp-content\themes\astra\functions.php on line 235

2020-04-22T12:37:04+00:00 CRITICAL syntax error, unexpected ';', expecting ')' in C:\xampp\htdocs\wordpress\wp-content\themes\astra\functions.php on line 235

2020-04-22T12:37:07+00:00 CRITICAL syntax error, unexpected ';', expecting ')' in C:\xampp\htdocs\wordpress\wp-content\themes\astra\functions.php on line 235

2020-04-22T12:37:09+00:00 CRITICAL syntax error, unexpected ';', expecting ')' in C:\xampp\htdocs\wordpress\wp-content\themes\astra\functions.php on line 235

2020-04-22T12:37:11+00:00 CRITICAL syntax error, unexpected ';', expecting ')' in C:\xampp\htdocs\wordpress\wp-content\themes\astra\functions.php on line 235

2020-04-22T12:37:12+00:00 CRITICAL syntax error, unexpected ';', expecting ')' in C:\xampp\htdocs\wordpress\wp-content\themes\astra\functions.php on line 235

2020-04-22T13:27:08+00:00 CRITICAL Maximum execution time of 30 seconds exceeded in C:\xampp\htdocs\wordpress\wp-content\plugins\woocommerce\vendor\autoload_packages.php on line 109

