2020-04-20T05:03:38+00:00 CRITICAL Maximum execution time of 30 seconds exceeded in C:\xampp\htdocs\wordpress\wp-content\plugins\elementor\core\role-manager\role-manager.php on line 8

2020-04-20T05:03:42+00:00 CRITICAL Maximum execution time of 30 seconds exceeded in C:\xampp\htdocs\wordpress\wp-content\plugins\salon-booking-system\src\SLN\Enum\CheckoutFields.php on line 3

2020-04-20T05:04:19+00:00 CRITICAL Maximum execution time of 30 seconds exceeded in C:\xampp\htdocs\wordpress\wp-includes\Requests\Transport\cURL.php on line 441

2020-04-20T07:27:02+00:00 CRITICAL Maximum execution time of 30 seconds exceeded in C:\xampp\htdocs\wordpress\wp-content\plugins\elementor\includes\autoloader.php on line 267

2020-04-20T07:28:16+00:00 CRITICAL syntax error, unexpected '$con' (T_VARIABLE), expecting ',' or ';' in C:\xampp\htdocs\wordpress\wp-content\themes\astra\functions.php on line 264

2020-04-20T07:28:27+00:00 CRITICAL syntax error, unexpected '$con' (T_VARIABLE), expecting ',' or ';' in C:\xampp\htdocs\wordpress\wp-content\themes\astra\functions.php on line 264

2020-04-20T07:28:41+00:00 CRITICAL syntax error, unexpected '$con' (T_VARIABLE), expecting ',' or ';' in C:\xampp\htdocs\wordpress\wp-content\themes\astra\functions.php on line 264

2020-04-20T07:28:56+00:00 CRITICAL syntax error, unexpected '$con' (T_VARIABLE), expecting ',' or ';' in C:\xampp\htdocs\wordpress\wp-content\themes\astra\functions.php on line 264

2020-04-20T08:10:03+00:00 CRITICAL Object of class stdClass could not be converted to string in C:\xampp\htdocs\wordpress\wp-content\themes\astra\functions.php on line 261

2020-04-20T09:17:00+00:00 CRITICAL Maximum execution time of 30 seconds exceeded in C:\xampp\htdocs\wordpress\wp-content\plugins\woocommerce\packages\action-scheduler\classes\ActionScheduler_FatalErrorMonitor.php on line 6

e 11

2020-04-20T09:20:40+00:00 CRITICAL Maximum execution time of 30 seconds exceeded in C:\xampp\htdocs\wordpress\wp-content\plugins\salon-booking-system\src\SLN\PostType\Booking.php on line 3

2020-04-20T09:55:50+00:00 CRITICAL Maximum execution time of 30 seconds exceeded in C:\xampp\htdocs\wordpress\wp-includes\wp-db.php on line 2024

2020-04-20T09:58:01+00:00 CRITICAL Maximum execution time of 30 seconds exceeded in C:\xampp\htdocs\wordpress\wp-includes\template.php on line 665

2020-04-20T10:32:39+00:00 CRITICAL Maximum execution time of 30 seconds exceeded in C:\xampp\htdocs\wordpress\wp-content\plugins\salon-booking-system\src\SLB_API\Controller\Auth_Controller.php on line 11

2020-04-20T10:39:34+00:00 CRITICAL Maximum execution time of 30 seconds exceeded in C:\xampp\htdocs\wordpress\wp-content\plugins\woocommerce\packages\woocommerce-admin\src\Notes\WC_Admin_Note.php on line 12

2020-04-20T10:59:23+00:00 CRITICAL Maximum execution time of 30 seconds exceeded in C:\xampp\htdocs\wordpress\wp-content\plugins\elementor\includes\autoloader.php on line 267

2020-04-20T10:59:27+00:00 CRITICAL Maximum execution time of 30 seconds exceeded in C:\xampp\htdocs\wordpress\wp-content\plugins\salon-booking-system\src\SLB_API\Controller\AvailabilityBooking_Controller.php on line 13

2020-04-20T11:04:30+00:00 CRITICAL Maximum execution time of 30 seconds exceeded in C:\xampp\htdocs\wordpress\wp-content\plugins\salon-booking-system\src\SLN\Enum\AvailabilityModeProvider.php on line 3

2020-04-20T11:14:57+00:00 CRITICAL Maximum execution time of 30 seconds exceeded in C:\xampp\htdocs\wordpress\wp-content\plugins\jwt-authentication-for-wp-rest-api\includes\vendor\composer\ClassLoader.php on line 413

2020-04-20T11:25:16+00:00 CRITICAL Maximum execution time of 30 seconds exceeded in C:\xampp\htdocs\wordpress\wp-content\plugins\woocommerce\includes\emails\class-wc-email-failed-order.php on line 8

2020-04-20T11:32:05+00:00 CRITICAL Maximum execution time of 30 seconds exceeded in C:\xampp\htdocs\wordpress\wp-includes\class-requests.php on line 145

2020-04-20T11:46:05+00:00 CRITICAL Maximum execution time of 30 seconds exceeded in C:\xampp\htdocs\wordpress\wp-includes\widgets\class-wp-widget-pages.php on line 17

2020-04-20T11:46:28+00:00 CRITICAL Maximum execution time of 30 seconds exceeded in C:\xampp\htdocs\wordpress\wp-content\plugins\woocommerce\packages\woocommerce-admin\src\Notes\NoteTraits.php on line 12

2020-04-20T11:47:29+00:00 CRITICAL Maximum execution time of 30 seconds exceeded in C:\xampp\htdocs\wordpress\wp-includes\class-requests.php on line 145

2020-04-20T12:12:44+00:00 CRITICAL Maximum execution time of 30 seconds exceeded in C:\xampp\htdocs\wordpress\wp-includes\l10n.php on line 669

2020-04-20T12:16:03+00:00 CRITICAL syntax error, unexpected end of file in C:\xampp\htdocs\wordpress\wp-content\themes\astra\functions.php on line 284

2020-04-20T12:17:49+00:00 CRITICAL syntax error, unexpected end of file in C:\xampp\htdocs\wordpress\wp-content\themes\astra\functions.php on line 284

2020-04-20T12:19:30+00:00 CRITICAL syntax error, unexpected end of file in C:\xampp\htdocs\wordpress\wp-content\themes\astra\functions.php on line 284

2020-04-20T12:20:11+00:00 CRITICAL syntax error, unexpected end of file in C:\xampp\htdocs\wordpress\wp-content\themes\astra\functions.php on line 284

2020-04-20T12:21:51+00:00 CRITICAL syntax error, unexpected end of file in C:\xampp\htdocs\wordpress\wp-content\themes\astra\functions.php on line 284

2020-04-20T12:21:51+00:00 CRITICAL syntax error, unexpected end of file in C:\xampp\htdocs\wordpress\wp-content\themes\astra\functions.php on line 284

2020-04-20T12:23:12+00:00 CRITICAL syntax error, unexpected end of file in C:\xampp\htdocs\wordpress\wp-content\themes\astra\functions.php on line 284

2020-04-20T13:03:30+00:00 CRITICAL Maximum execution time of 30 seconds exceeded in C:\xampp\htdocs\wordpress\wp-content\plugins\woocommerce\packages\woocommerce-admin\src\API\DataCountries.php on line 12

2020-04-20T13:33:01+00:00 CRITICAL Maximum execution time of 30 seconds exceeded in C:\xampp\htdocs\wordpress\wp-includes\wp-db.php on line 2024

2020-04-20T13:35:29+00:00 CRITICAL Maximum execution time of 30 seconds exceeded in C:\xampp\htdocs\wordpress\wp-content\plugins\salon-booking-system\src\SLN\Third\google-api-php-client\vendor\ralouphie\getallheaders\src\getallheaders.php on line 3

